[2026-03-31T12:03:03.154Z] Fetch failed (500) for https://neal.fun/api/infinite-craft/pair?first=Desert&second=Desert
Unknown error

[2026-03-31T12:03:03.184Z] Fetch failed (500) for https://neal.fun/api/infinite-craft/pair?first=Apple%20Tree&second=Fruit
Unknown error

[2026-03-31T12:03:03.197Z] Fetch failed (500) for https://neal.fun/api/infinite-craft/pair?first=Apple&second=Forest
Unknown error

[2026-03-31T12:03:03.245Z] Fetch failed (500) for https://neal.fun/api/infinite-craft/pair?first=Earth&second=Wind
Unknown error

[2026-03-31T12:03:03.274Z] Fetch failed (500) for https://neal.fun/api/infinite-craft/pair?first=Dust&second=Dust
Unknown error

[2026-03-31T12:03:03.277Z] Fetch failed (500) for https://neal.fun/api/infinite-craft/pair?first=Bottle&second=Fruit%20Tree
Unknown error

[2026-03-31T12:03:03.281Z] Fetch failed (500) for https://neal.fun/api/infinite-craft/pair?first=Fruit&second=Fruit%20Tree
Unknown error

[2026-03-31T12:03:03.284Z] Fetch failed (500) for https://neal.fun/api/infinite-craft/pair?first=Apple&second=Date
Unknown error

[2026-03-31T12:03:03.286Z] Fetch failed (500) for https://neal.fun/api/infinite-craft/pair?first=Fruit%20Tree&second=Tree
Unknown error

[2026-03-31T12:03:03.287Z] Fetch failed (500) for https://neal.fun/api/infinite-craft/pair?first=Apple&second=Fruit
Unknown error

[2026-03-31T12:03:03.290Z] Fetch failed (500) for https://neal.fun/api/infinite-craft/pair?first=Date&second=Date
Unknown error

[2026-03-31T12:03:03.291Z] Fetch failed (500) for https://neal.fun/api/infinite-craft/pair?first=Fruit&second=Fruit
Unknown error

[2026-03-31T12:03:03.292Z] Fetch failed (500) for https://neal.fun/api/infinite-craft/pair?first=Glass&second=Water
Unknown error

[2026-03-31T12:03:03.293Z] Fetch failed (500) for https://neal.fun/api/infinite-craft/pair?first=Earth&second=Sand
Unknown error

[2026-03-31T12:03:03.294Z] Fetch failed (500) for https://neal.fun/api/infinite-craft/pair?first=Desert&second=Wine
Unknown error

[2026-03-31T12:03:03.295Z] Fetch failed (500) for https://neal.fun/api/infinite-craft/pair?first=Bottle&second=Bottle
Unknown error

[2026-03-31T12:03:03.296Z] Fetch failed (500) for https://neal.fun/api/infinite-craft/pair?first=Bottle&second=Glass
Unknown error

[2026-03-31T12:03:03.296Z] Fetch failed (500) for https://neal.fun/api/infinite-craft/pair?first=Apple&second=Wind
Unknown error

[2026-03-31T12:03:03.297Z] Fetch failed (500) for https://neal.fun/api/infinite-craft/pair?first=Fruit%20Tree&second=Fruit%20Tree
Unknown error

[2026-03-31T12:03:03.299Z] Fetch failed (500) for https://neal.fun/api/infinite-craft/pair?first=Fire&second=Sand
Unknown error

[2026-03-31T12:03:03.300Z] Fetch failed (500) for https://neal.fun/api/infinite-craft/pair?first=Date&second=Fruit%20Tree
Unknown error

[2026-03-31T12:03:03.301Z] Fetch failed (500) for https://neal.fun/api/infinite-craft/pair?first=Wine&second=Wine
Unknown error

[2026-03-31T12:03:03.301Z] Fetch failed (500) for https://neal.fun/api/infinite-craft/pair?first=Apple&second=Earth
Unknown error

[2026-03-31T12:03:03.301Z] Fetch failed (500) for https://neal.fun/api/infinite-craft/pair?first=Tree&second=Tree
Unknown error

[2026-03-31T12:03:03.301Z] Fetch failed (500) for https://neal.fun/api/infinite-craft/pair?first=Forest&second=Forest
Unknown error

[2026-03-31T12:03:03.302Z] Fetch failed (500) for https://neal.fun/api/infinite-craft/pair?first=Jungle&second=Jungle
Unknown error

[2026-03-31T12:03:03.302Z] Fetch failed (500) for https://neal.fun/api/infinite-craft/pair?first=Apple%20Pie&second=Apple%20Pie
Unknown error
